
*** Running vivado
    with args -log cmp_signed.vds -m64 -product Vivado -mode batch -messageDb vivado.pb -notrace -source cmp_signed.tcl


****** Vivado v2018.1 (64-bit)
  **** SW Build 2188600 on Wed Apr  4 18:40:38 MDT 2018
  **** IP Build 2185939 on Wed Apr  4 20:55:05 MDT 2018
    ** Copyright 1986-2018 Xilinx, Inc. All Rights Reserved.

source cmp_signed.tcl -notrace
Command: synth_design -top cmp_signed -part xcku115-flva2104-3-e -mode out_of_context
Starting synth_design
Attempting to get a license for feature 'Synthesis' and/or device 'xcku115'
INFO: [Common 17-349] Got license for feature 'Synthesis' and/or device 'xcku115'
INFO: Launching helper process for spawning children vivado processes
INFO: Helper process launched with PID 8272 
---------------------------------------------------------------------------------
Starting RTL Elaboration : Time (s): cpu = 00:00:06 ; elapsed = 00:00:07 . Memory (MB): peak = 444.824 ; gain = 95.516
---------------------------------------------------------------------------------
INFO: [Synth 8-638] synthesizing module 'cmp_signed' [c:/Users/Administrator/Desktop/RV-052B/RISCV-Code/RV052B/RV052B.srcs/sources_1/ip/cmp_signed/synth/cmp_signed.vhd:69]
	Parameter C_VERBOSITY bound to: 0 - type: integer 
	Parameter C_XDEVICEFAMILY bound to: kintexu - type: string 
	Parameter C_IMPLEMENTATION bound to: 0 - type: integer 
	Parameter C_A_WIDTH bound to: 32 - type: integer 
	Parameter C_B_WIDTH bound to: 32 - type: integer 
	Parameter C_OUT_WIDTH bound to: 32 - type: integer 
	Parameter C_CE_OVERRIDES_SCLR bound to: 0 - type: integer 
	Parameter C_A_TYPE bound to: 0 - type: integer 
	Parameter C_B_TYPE bound to: 0 - type: integer 
	Parameter C_LATENCY bound to: 1 - type: integer 
	Parameter C_ADD_MODE bound to: 1 - type: integer 
	Parameter C_B_CONSTANT bound to: 0 - type: integer 
	Parameter C_B_VALUE bound to: 00000000000000000000000000000000 - type: string 
	Parameter C_AINIT_VAL bound to: 0 - type: string 
	Parameter C_SINIT_VAL bound to: 0 - type: string 
	Parameter C_CE_OVERRIDES_BYPASS bound to: 1 - type: integer 
	Parameter C_BYPASS_LOW bound to: 0 - type: integer 
	Parameter C_SCLR_OVERRIDES_SSET bound to: 1 - type: integer 
	Parameter C_HAS_C_IN bound to: 0 - type: integer 
	Parameter C_HAS_C_OUT bound to: 0 - type: integer 
	Parameter C_BORROW_LOW bound to: 1 - type: integer 
	Parameter C_HAS_CE bound to: 1 - type: integer 
	Parameter C_HAS_BYPASS bound to: 0 - type: integer 
	Parameter C_HAS_SCLR bound to: 0 - type: integer 
	Parameter C_HAS_SSET bound to: 0 - type: integer 
	Parameter C_HAS_SINIT bound to: 0 - type: integer 
INFO: [Synth 8-3491] module 'c_addsub_v12_0_12' declared at 'c:/Users/Administrator/Desktop/RV-052B/RISCV-Code/RV052B/RV052B.srcs/sources_1/ip/cmp_signed/hdl/c_addsub_v12_0_vh_rfs.vhd:7026' bound to instance 'U0' of component 'c_addsub_v12_0_12' [c:/Users/Administrator/Desktop/RV-052B/RISCV-Code/RV052B/RV052B.srcs/sources_1/ip/cmp_signed/synth/cmp_signed.vhd:136]
INFO: [Synth 8-256] done synthesizing module 'cmp_signed' (7#1) [c:/Users/Administrator/Desktop/RV-052B/RISCV-Code/RV052B/RV052B.srcs/sources_1/ip/cmp_signed/synth/cmp_signed.vhd:69]
WARNING: [Synth 8-3331] design c_reg_fd_v12_0_5_viv has unconnected port AINIT
WARNING: [Synth 8-3331] design c_reg_fd_v12_0_5_viv has unconnected port ACLR
WARNING: [Synth 8-3331] design c_reg_fd_v12_0_5_viv has unconnected port ASET
WARNING: [Synth 8-3331] design c_reg_fd_v12_0_5_viv has unconnected port SINIT
WARNING: [Synth 8-3331] design c_reg_fd_v12_0_5_viv has unconnected port SCLR
WARNING: [Synth 8-3331] design c_reg_fd_v12_0_5_viv has unconnected port SSET
WARNING: [Synth 8-3331] design c_addsub_v12_0_12_lut6_legacy has unconnected port add
WARNING: [Synth 8-3331] design c_addsub_v12_0_12_lut6_legacy has unconnected port c_in
WARNING: [Synth 8-3331] design c_addsub_v12_0_12_lut6_legacy has unconnected port bypass
WARNING: [Synth 8-3331] design c_addsub_v12_0_12_lut6_legacy has unconnected port sclr
WARNING: [Synth 8-3331] design c_addsub_v12_0_12_lut6_legacy has unconnected port sset
WARNING: [Synth 8-3331] design c_addsub_v12_0_12_lut6_legacy has unconnected port sinit
WARNING: [Synth 8-3331] design c_addsub_v12_0_12_legacy has unconnected port c_in
WARNING: [Synth 8-3331] design c_addsub_v12_0_12_legacy has unconnected port b_in
WARNING: [Synth 8-3331] design c_addsub_v12_0_12_legacy has unconnected port a_signed
WARNING: [Synth 8-3331] design c_addsub_v12_0_12_legacy has unconnected port b_signed
WARNING: [Synth 8-3331] design c_addsub_v12_0_12_viv has unconnected port C_IN
---------------------------------------------------------------------------------
Finished RTL Elaboration : Time (s): cpu = 00:00:08 ; elapsed = 00:00:09 . Memory (MB): peak = 504.422 ; gain = 155.113
---------------------------------------------------------------------------------

Report Check Netlist: 
+------+------------------+-------+---------+-------+------------------+
|      |Item              |Errors |Warnings |Status |Description       |
+------+------------------+-------+---------+-------+------------------+
|1     |multi_driven_nets |      0|        0|Passed |Multi driven nets |
+------+------------------+-------+---------+-------+------------------+
---------------------------------------------------------------------------------
Start Handling Custom Attributes
---------------------------------------------------------------------------------
---------------------------------------------------------------------------------
Finished Handling Custom Attributes : Time (s): cpu = 00:00:08 ; elapsed = 00:00:10 . Memory (MB): peak = 504.422 ; gain = 155.113
---------------------------------------------------------------------------------
---------------------------------------------------------------------------------
Finished RTL Optimization Phase 1 : Time (s): cpu = 00:00:08 ; elapsed = 00:00:10 . Memory (MB): peak = 504.422 ; gain = 155.113
---------------------------------------------------------------------------------
INFO: [Netlist 29-17] Analyzing 63 Unisim elements for replacement
INFO: [Netlist 29-28] Unisim Transformation completed in 0 CPU seconds
INFO: [Device 21-403] Loading part xcku115-flva2104-3-e
INFO: [Project 1-570] Preparing netlist for logic optimization

Processing XDC Constraints
Initializing timing engine
Parsing XDC File [c:/Users/Administrator/Desktop/RV-052B/RISCV-Code/RV052B/RV052B.srcs/sources_1/ip/cmp_signed/cmp_signed_ooc.xdc] for cell 'U0'
Finished Parsing XDC File [c:/Users/Administrator/Desktop/RV-052B/RISCV-Code/RV052B/RV052B.srcs/sources_1/ip/cmp_signed/cmp_signed_ooc.xdc] for cell 'U0'
Parsing XDC File [C:/Users/Administrator/Desktop/RV-052B/RISCV-Code/RV052B/RV052B.runs/cmp_signed_synth_1/dont_touch.xdc]
Finished Parsing XDC File [C:/Users/Administrator/Desktop/RV-052B/RISCV-Code/RV052B/RV052B.runs/cmp_signed_synth_1/dont_touch.xdc]
Completed Processing XDC Constraints

INFO: [Project 1-111] Unisim Transformation Summary:
No Unisim elements were transformed.

Constraint Validation Runtime : Time (s): cpu = 00:00:00 ; elapsed = 00:00:00.056 . Memory (MB): peak = 1211.082 ; gain = 1.578
---------------------------------------------------------------------------------
Finished Constraint Validation : Time (s): cpu = 00:00:19 ; elapsed = 00:00:22 . Memory (MB): peak = 1211.082 ; gain = 861.773
---------------------------------------------------------------------------------
---------------------------------------------------------------------------------
Start Loading Part and Timing Information
---------------------------------------------------------------------------------
Loading part: xcku115-flva2104-3-e
---------------------------------------------------------------------------------
Finished Loading Part and Timing Information : Time (s): cpu = 00:00:19 ; elapsed = 00:00:22 . Memory (MB): peak = 1211.082 ; gain = 861.773
---------------------------------------------------------------------------------
---------------------------------------------------------------------------------
Start Applying 'set_property' XDC Constraints
---------------------------------------------------------------------------------
Applied set_property DONT_TOUCH = true for U0. (constraint file  C:/Users/Administrator/Desktop/RV-052B/RISCV-Code/RV052B/RV052B.runs/cmp_signed_synth_1/dont_touch.xdc, line 9).
---------------------------------------------------------------------------------
Finished applying 'set_property' XDC Constraints : Time (s): cpu = 00:00:19 ; elapsed = 00:00:22 . Memory (MB): peak = 1211.082 ; gain = 861.773
---------------------------------------------------------------------------------
---------------------------------------------------------------------------------
Finished RTL Optimization Phase 2 : Time (s): cpu = 00:00:19 ; elapsed = 00:00:22 . Memory (MB): peak = 1211.082 ; gain = 861.773
---------------------------------------------------------------------------------

Report RTL Partitions: 
+-+--------------+------------+----------+
| |RTL Partition |Replication |Instances |
+-+--------------+------------+----------+
+-+--------------+------------+----------+
---------------------------------------------------------------------------------
Start RTL Component Statistics 
---------------------------------------------------------------------------------
---------------------------------------------------------------------------------
Finished RTL Component Statistics 
---------------------------------------------------------------------------------
---------------------------------------------------------------------------------
Start RTL Hierarchical Component Statistics 
---------------------------------------------------------------------------------
---------------------------------------------------------------------------------
Finished RTL Hierarchical Component Statistics
---------------------------------------------------------------------------------
---------------------------------------------------------------------------------
Start Part Resource Summary
---------------------------------------------------------------------------------
Part Resources:
DSPs: 5520 (col length:120)
BRAMs: 4320 (col length: RAMB18 240 RAMB36 120)
---------------------------------------------------------------------------------
Finished Part Resource Summary
---------------------------------------------------------------------------------
---------------------------------------------------------------------------------
Start Cross Boundary and Area Optimization
---------------------------------------------------------------------------------
Warning: Parallel synthesis criteria is not met 
WARNING: [Synth 8-3331] design c_addsub_v12_0_12_viv has unconnected port ADD
WARNING: [Synth 8-3331] design c_addsub_v12_0_12_viv has unconnected port C_IN
WARNING: [Synth 8-3331] design c_addsub_v12_0_12_viv has unconnected port BYPASS
WARNING: [Synth 8-3331] design c_addsub_v12_0_12_viv has unconnected port SCLR
WARNING: [Synth 8-3331] design c_addsub_v12_0_12_viv has unconnected port SSET
WARNING: [Synth 8-3331] design c_addsub_v12_0_12_viv has unconnected port SINIT
---------------------------------------------------------------------------------
Finished Cross Boundary and Area Optimization : Time (s): cpu = 00:00:19 ; elapsed = 00:00:23 . Memory (MB): peak = 1211.082 ; gain = 861.773
---------------------------------------------------------------------------------

Report RTL Partitions: 
+-+--------------+------------+----------+
| |RTL Partition |Replication |Instances |
+-+--------------+------------+----------+
+-+--------------+------------+----------+
---------------------------------------------------------------------------------
Start Applying XDC Timing Constraints
---------------------------------------------------------------------------------
---------------------------------------------------------------------------------
Finished Applying XDC Timing Constraints : Time (s): cpu = 00:00:33 ; elapsed = 00:00:39 . Memory (MB): peak = 1457.289 ; gain = 1107.980
---------------------------------------------------------------------------------
---------------------------------------------------------------------------------
Start Timing Optimization
---------------------------------------------------------------------------------
---------------------------------------------------------------------------------
Finished Timing Optimization : Time (s): cpu = 00:00:33 ; elapsed = 00:00:39 . Memory (MB): peak = 1457.363 ; gain = 1108.055
---------------------------------------------------------------------------------

Report RTL Partitions: 
+-+--------------+------------+----------+
| |RTL Partition |Replication |Instances |
+-+--------------+------------+----------+
+-+--------------+------------+----------+
---------------------------------------------------------------------------------
Start Technology Mapping
---------------------------------------------------------------------------------
---------------------------------------------------------------------------------
Finished Technology Mapping : Time (s): cpu = 00:00:33 ; elapsed = 00:00:39 . Memory (MB): peak = 1457.492 ; gain = 1108.184
---------------------------------------------------------------------------------

Report RTL Partitions: 
+-+--------------+------------+----------+
| |RTL Partition |Replication |Instances |
+-+--------------+------------+----------+
+-+--------------+------------+----------+
---------------------------------------------------------------------------------
Start IO Insertion
---------------------------------------------------------------------------------
---------------------------------------------------------------------------------
Start Flattening Before IO Insertion
---------------------------------------------------------------------------------
---------------------------------------------------------------------------------
Finished Flattening Before IO Insertion
---------------------------------------------------------------------------------
---------------------------------------------------------------------------------
Start Final Netlist Cleanup
---------------------------------------------------------------------------------
---------------------------------------------------------------------------------
Finished Final Netlist Cleanup
---------------------------------------------------------------------------------
---------------------------------------------------------------------------------
Finished IO Insertion : Time (s): cpu = 00:00:33 ; elapsed = 00:00:40 . Memory (MB): peak = 1459.133 ; gain = 1109.824
---------------------------------------------------------------------------------

Report Check Netlist: 
+------+------------------+-------+---------+-------+------------------+
|      |Item              |Errors |Warnings |Status |Description       |
+------+------------------+-------+---------+-------+------------------+
|1     |multi_driven_nets |      0|        0|Passed |Multi driven nets |
+------+------------------+-------+---------+-------+------------------+
---------------------------------------------------------------------------------
Start Renaming Generated Instances
---------------------------------------------------------------------------------
---------------------------------------------------------------------------------
Finished Renaming Generated Instances : Time (s): cpu = 00:00:33 ; elapsed = 00:00:40 . Memory (MB): peak = 1459.133 ; gain = 1109.824
---------------------------------------------------------------------------------

Report RTL Partitions: 
+-+--------------+------------+----------+
| |RTL Partition |Replication |Instances |
+-+--------------+------------+----------+
+-+--------------+------------+----------+
---------------------------------------------------------------------------------
Start Rebuilding User Hierarchy
---------------------------------------------------------------------------------
---------------------------------------------------------------------------------
Finished Rebuilding User Hierarchy : Time (s): cpu = 00:00:33 ; elapsed = 00:00:40 . Memory (MB): peak = 1459.133 ; gain = 1109.824
---------------------------------------------------------------------------------
---------------------------------------------------------------------------------
Start Renaming Generated Ports
---------------------------------------------------------------------------------
---------------------------------------------------------------------------------
Finished Renaming Generated Ports : Time (s): cpu = 00:00:33 ; elapsed = 00:00:40 . Memory (MB): peak = 1459.133 ; gain = 1109.824
---------------------------------------------------------------------------------
---------------------------------------------------------------------------------
Start Handling Custom Attributes
---------------------------------------------------------------------------------
---------------------------------------------------------------------------------
Finished Handling Custom Attributes : Time (s): cpu = 00:00:33 ; elapsed = 00:00:40 . Memory (MB): peak = 1459.133 ; gain = 1109.824
---------------------------------------------------------------------------------
---------------------------------------------------------------------------------
Start Renaming Generated Nets
---------------------------------------------------------------------------------
---------------------------------------------------------------------------------
Finished Renaming Generated Nets : Time (s): cpu = 00:00:33 ; elapsed = 00:00:40 . Memory (MB): peak = 1459.133 ; gain = 1109.824
---------------------------------------------------------------------------------
---------------------------------------------------------------------------------
Start Writing Synthesis Report
---------------------------------------------------------------------------------

Report BlackBoxes: 
+-+--------------+----------+
| |BlackBox name |Instances |
+-+--------------+----------+
+-+--------------+----------+

Report Cell Usage: 
+------+------+------+
|      |Cell  |Count |
+------+------+------+
|1     |LUT2  |    32|
|2     |MUXCY |    31|
|3     |XORCY |    32|
|4     |FDRE  |    32|
+------+------+------+
---------------------------------------------------------------------------------
Finished Writing Synthesis Report : Time (s): cpu = 00:00:33 ; elapsed = 00:00:40 . Memory (MB): peak = 1459.133 ; gain = 1109.824
---------------------------------------------------------------------------------
Synthesis finished with 0 errors, 0 critical warnings and 6 warnings.
Synthesis Optimization Runtime : Time (s): cpu = 00:00:20 ; elapsed = 00:00:32 . Memory (MB): peak = 1459.141 ; gain = 403.172
Synthesis Optimization Complete : Time (s): cpu = 00:00:34 ; elapsed = 00:00:40 . Memory (MB): peak = 1459.141 ; gain = 1109.832
INFO: [Project 1-571] Translating synthesized netlist
INFO: [Netlist 29-17] Analyzing 63 Unisim elements for replacement
INFO: [Netlist 29-28] Unisim Transformation completed in 0 CPU seconds
INFO: [Project 1-570] Preparing netlist for logic optimization
INFO: [Opt 31-138] Pushed 0 inverter(s) to 0 load pin(s).
INFO: [Project 1-111] Unisim Transformation Summary:
  A total of 4 instances were transformed.
  (CARRY4) => CARRY8: 4 instances

INFO: [Common 17-83] Releasing license: Synthesis
16 Infos, 23 Warnings, 0 Critical Warnings and 0 Errors encountered.
synth_design completed successfully
synth_design: Time (s): cpu = 00:00:37 ; elapsed = 00:00:44 . Memory (MB): peak = 1520.984 ; gain = 1173.727
INFO: [Common 17-1381] The checkpoint 'C:/Users/Administrator/Desktop/RV-052B/RISCV-Code/RV052B/RV052B.runs/cmp_signed_synth_1/cmp_signed.dcp' has been generated.
